<?xml version="1.0" encoding="UTF-8"?>
<testsuite xmlns:xsi="http://www.w3.org/2001/XMLSchema-instance" xsi:noNamespaceSchemaLocation="https://maven.apache.org/surefire/maven-surefire-plugin/xsd/surefire-test-report-3.0.xsd" version="3.0" name="com.xkyii.quarkus.xkus.codegen.test.XkusCodegenDevModeTest" time="7.409" tests="1" errors="0" skipped="0" failures="0">
  <properties>
[...]
</properties>
  <testcase name="writeYourOwnDevModeTest" classname="com.xkyii.quarkus.xkus.codegen.test.XkusCodegenDevModeTest" time="7.357">
    <system-out><![CDATA[&amp#27;[94mTests paused&amp#27;[39m
2022-09-26 10:50:37,393 INFO  [io.quarkus] (Quarkus Main Thread) xkus-codegen-deployment 1.0.0-SNAPSHOT on JVM (powered by Quarkus 2.12.1.Final) started in 2.755s. 
2022-09-26 10:50:37,423 INFO  [io.quarkus] (Quarkus Main Thread) Profile dev activated. Live Coding activated.
2022-09-26 10:50:37,424 INFO  [io.quarkus] (Quarkus Main Thread) Installed features: [cdi, xkus-codegen]
2022-09-26 10:50:37,517 INFO  [io.quarkus] (Quarkus Main Thread) xkus-codegen-deployment stopped in 0.028s
]]></system-out>
  </testcase>
</testsuite>